<?xml version="1.0" encoding="UTF-8"?>
<!-- Generated by org.testng.reporters.JUnitReportReporter -->
<testsuite ignored="0" hostname="DESKTOP-3J3OOBI" failures="0" tests="1" name="Test.TestNGEj" time="0.007" errors="0" timestamp="12 nov. 2020 21:26:48 GMT" skipped="0">
  <testcase classname="Test.TestNGEj" name="f" time="0.007"/>
</testsuite> <!-- Test.TestNGEj -->
